This is pdfTeX, Version 3.1415926-2.4-1.40.13 (TeX Live 2012/Debian) (format=pdflatex 2013.6.11)  28 OCT 2013 11:35
entering extended mode
 restricted \write18 enabled.
 %&-line parsing enabled.
**votingReport.tex
(./votingReport.tex
LaTeX2e <2011/06/27>
Babel <v3.8m> and hyphenation patterns for english, dumylang, nohyphenation, lo
aded.
(/usr/share/texlive/texmf-dist/tex/latex/base/article.cls
Document Class: article 2007/10/19 v1.4h Standard LaTeX document class
(/usr/share/texlive/texmf-dist/tex/latex/base/size11.clo
File: size11.clo 2007/10/19 v1.4h Standard LaTeX file (size option)
)
\c@part=\count79
\c@section=\count80
\c@subsection=\count81
\c@subsubsection=\count82
\c@paragraph=\count83
\c@subparagraph=\count84
\c@figure=\count85
\c@table=\count86
\abovecaptionskip=\skip41
\belowcaptionskip=\skip42
\bibindent=\dimen102
)
(/usr/share/texlive/texmf-dist/tex/latex/graphics/graphicx.sty
Package: graphicx 1999/02/16 v1.0f Enhanced LaTeX Graphics (DPC,SPQR)

(/usr/share/texlive/texmf-dist/tex/latex/graphics/keyval.sty
Package: keyval 1999/03/16 v1.13 key=value parser (DPC)
\KV@toks@=\toks14
)
(/usr/share/texlive/texmf-dist/tex/latex/graphics/graphics.sty
Package: graphics 2009/02/05 v1.0o Standard LaTeX Graphics (DPC,SPQR)

(/usr/share/texlive/texmf-dist/tex/latex/graphics/trig.sty
Package: trig 1999/03/16 v1.09 sin cos tan (DPC)
)
(/usr/share/texlive/texmf-dist/tex/latex/latexconfig/graphics.cfg
File: graphics.cfg 2010/04/23 v1.9 graphics configuration of TeX Live
)
Package graphics Info: Driver file: pdftex.def on input line 91.

(/usr/share/texlive/texmf-dist/tex/latex/pdftex-def/pdftex.def
File: pdftex.def 2011/05/27 v0.06d Graphics/color for pdfTeX

(/usr/share/texlive/texmf-dist/tex/generic/oberdiek/infwarerr.sty
Package: infwarerr 2010/04/08 v1.3 Providing info/warning/error messages (HO)
)
(/usr/share/texlive/texmf-dist/tex/generic/oberdiek/ltxcmds.sty
Package: ltxcmds 2011/11/09 v1.22 LaTeX kernel commands for general use (HO)
)
\Gread@gobject=\count87
))
\Gin@req@height=\dimen103
\Gin@req@width=\dimen104
)
(/home/alexander/texmf/tex/latex/subfig/subfig.sty
Package: subfig 2005/06/28 ver: 1.3 subfig package

(/usr/share/texlive/texmf-dist/tex/latex/caption/caption.sty
Package: caption 2012/02/19 v3.2f Customizing captions (AR)

(/usr/share/texlive/texmf-dist/tex/latex/caption/caption3.sty
Package: caption3 2012/01/12 v1.4b caption3 kernel (AR)
\captionmargin=\dimen105
\captionmargin@=\dimen106
\captionwidth=\dimen107
\caption@indent=\dimen108
\caption@parindent=\dimen109
\caption@hangindent=\dimen110
)
\c@ContinuedFloat=\count88
)
\c@KVtest=\count89
\sf@farskip=\skip43
\sf@captopadj=\dimen111
\sf@capskip=\skip44
\sf@nearskip=\skip45
\c@subfigure=\count90
\c@subfigure@save=\count91
\c@lofdepth=\count92
\c@subtable=\count93
\c@subtable@save=\count94
\c@lotdepth=\count95
\sf@top=\skip46
\sf@bottom=\skip47
)
(./votingReport.aux)
\openout1 = `votingReport.aux'.

LaTeX Font Info:    Checking defaults for OML/cmm/m/it on input line 13.
LaTeX Font Info:    ... okay on input line 13.
LaTeX Font Info:    Checking defaults for T1/cmr/m/n on input line 13.
LaTeX Font Info:    ... okay on input line 13.
LaTeX Font Info:    Checking defaults for OT1/cmr/m/n on input line 13.
LaTeX Font Info:    ... okay on input line 13.
LaTeX Font Info:    Checking defaults for OMS/cmsy/m/n on input line 13.
LaTeX Font Info:    ... okay on input line 13.
LaTeX Font Info:    Checking defaults for OMX/cmex/m/n on input line 13.
LaTeX Font Info:    ... okay on input line 13.
LaTeX Font Info:    Checking defaults for U/cmr/m/n on input line 13.
LaTeX Font Info:    ... okay on input line 13.

(/usr/share/texlive/texmf-dist/tex/context/base/supp-pdf.mkii
[Loading MPS to PDF converter (version 2006.09.02).]
\scratchcounter=\count96
\scratchdimen=\dimen112
\scratchbox=\box26
\nofMPsegments=\count97
\nofMParguments=\count98
\everyMPshowfont=\toks15
\MPscratchCnt=\count99
\MPscratchDim=\dimen113
\MPnumerator=\count100
\makeMPintoPDFobject=\count101
\everyMPtoPDFconversion=\toks16
) (/usr/share/texlive/texmf-dist/tex/generic/oberdiek/pdftexcmds.sty
Package: pdftexcmds 2011/11/29 v0.20 Utility functions of pdfTeX for LuaTeX (HO
)

(/usr/share/texlive/texmf-dist/tex/generic/oberdiek/ifluatex.sty
Package: ifluatex 2010/03/01 v1.3 Provides the ifluatex switch (HO)
Package ifluatex Info: LuaTeX not detected.
)
(/usr/share/texlive/texmf-dist/tex/generic/oberdiek/ifpdf.sty
Package: ifpdf 2011/01/30 v2.3 Provides the ifpdf switch (HO)
Package ifpdf Info: pdfTeX in PDF mode is detected.
)
Package pdftexcmds Info: LuaTeX not detected.
Package pdftexcmds Info: \pdf@primitive is available.
Package pdftexcmds Info: \pdf@ifprimitive is available.
Package pdftexcmds Info: \pdfdraftmode found.
)
(/usr/share/texlive/texmf-dist/tex/latex/oberdiek/epstopdf-base.sty
Package: epstopdf-base 2010/02/09 v2.5 Base part for package epstopdf

(/usr/share/texlive/texmf-dist/tex/latex/oberdiek/grfext.sty
Package: grfext 2010/08/19 v1.1 Manage graphics extensions (HO)

(/usr/share/texlive/texmf-dist/tex/generic/oberdiek/kvdefinekeys.sty
Package: kvdefinekeys 2011/04/07 v1.3 Define keys (HO)
))
(/usr/share/texlive/texmf-dist/tex/latex/oberdiek/kvoptions.sty
Package: kvoptions 2011/06/30 v3.11 Key value format for package options (HO)

(/usr/share/texlive/texmf-dist/tex/generic/oberdiek/kvsetkeys.sty
Package: kvsetkeys 2012/04/25 v1.16 Key value parser (HO)

(/usr/share/texlive/texmf-dist/tex/generic/oberdiek/etexcmds.sty
Package: etexcmds 2011/02/16 v1.5 Avoid name clashes with e-TeX commands (HO)
Package etexcmds Info: Could not find \expanded.
(etexcmds)             That can mean that you are not using pdfTeX 1.50 or
(etexcmds)             that some package has redefined \expanded.
(etexcmds)             In the latter case, load this package earlier.
)))
Package grfext Info: Graphics extension search list:
(grfext)             [.png,.pdf,.jpg,.mps,.jpeg,.jbig2,.jb2,.PNG,.PDF,.JPG,.JPE
G,.JBIG2,.JB2,.eps]
(grfext)             \AppendGraphicsExtensions on input line 452.

(/usr/share/texlive/texmf-dist/tex/latex/latexconfig/epstopdf-sys.cfg
File: epstopdf-sys.cfg 2010/07/13 v1.3 Configuration of (r)epstopdf for TeX Liv
e
))
Package caption Info: Begin \AtBeginDocument code.
Package caption Info: subfig package v1.3 is loaded.
Package caption Info: End \AtBeginDocument code.
LaTeX Font Info:    External font `cmex10' loaded for size
(Font)              <12> on input line 17.
LaTeX Font Info:    External font `cmex10' loaded for size
(Font)              <8> on input line 17.
LaTeX Font Info:    External font `cmex10' loaded for size
(Font)              <6> on input line 17.
LaTeX Font Info:    External font `cmex10' loaded for size
(Font)              <10.95> on input line 19.

Underfull \hbox (badness 10000) in paragraph at lines 27--28

 []

[1

{/var/lib/texmf/fonts/map/pdftex/updmap/pdftex.map}]
<./figs/rwToSameBifDiag.png, id=14, 963.6pt x 748.29562pt>
File: ./figs/rwToSameBifDiag.png Graphic file (type png)

<use ./figs/rwToSameBifDiag.png>
Package pdftex.def Info: ./figs/rwToSameBifDiag.png used on input line 31.
(pdftex.def)             Requested size: 238.14989pt x 184.9429pt.

<./figs/bifData_same_1000_4.png, id=15, 578.16pt x 433.62pt>
File: ./figs/bifData_same_1000_4.png Graphic file (type png)

<use ./figs/bifData_same_1000_4.png>
Package pdftex.def Info: ./figs/bifData_same_1000_4.png used on input line 41.
(pdftex.def)             Requested size: 204.85983pt x 153.64174pt.

<./figs/bifData_noConvergence_same_1000_4.png, id=17, 578.16pt x 433.62pt>
File: ./figs/bifData_noConvergence_same_1000_4.png Graphic file (type png)

<use ./figs/bifData_noConvergence_same_1000_4.png>
Package pdftex.def Info: ./figs/bifData_noConvergence_same_1000_4.png used on i
nput line 46.
(pdftex.def)             Requested size: 204.85983pt x 153.64174pt.

<./figs/rwToRandomBifDiag.png, id=18, 963.6pt x 740.7675pt>
File: ./figs/rwToRandomBifDiag.png Graphic file (type png)

<use ./figs/rwToRandomBifDiag.png>
Package pdftex.def Info: ./figs/rwToRandomBifDiag.png used on input line 55.
(pdftex.def)             Requested size: 240.57593pt x 184.9429pt.

<./figs/bifData_randomIneqJ_1000_4.png, id=19, 578.16pt x 433.62pt>
File: ./figs/bifData_randomIneqJ_1000_4.png Graphic file (type png)

<use ./figs/bifData_randomIneqJ_1000_4.png>
Package pdftex.def Info: ./figs/bifData_randomIneqJ_1000_4.png used on input li
ne 64.
(pdftex.def)             Requested size: 204.85983pt x 153.64174pt.

<./figs/bifData_noConvergence_randomIneqJ_1000_4.png, id=20, 578.16pt x 433.62p
t>
File: ./figs/bifData_noConvergence_randomIneqJ_1000_4.png Graphic file (type pn
g)
 <use ./figs/bifData_noConvergence_randomIneqJ_1000_4.png>
Package pdftex.def Info: ./figs/bifData_noConvergence_randomIneqJ_1000_4.png us
ed on input line 69.
(pdftex.def)             Requested size: 204.85983pt x 153.64174pt.

<./figs/bifData_randomIeqJ_1000_4.png, id=21, 578.16pt x 433.62pt>
File: ./figs/bifData_randomIeqJ_1000_4.png Graphic file (type png)

<use ./figs/bifData_randomIeqJ_1000_4.png>
Package pdftex.def Info: ./figs/bifData_randomIeqJ_1000_4.png used on input lin
e 78.
(pdftex.def)             Requested size: 204.85983pt x 153.64174pt.

<./figs/bifData_noConvergence_randomIeqJ_1000_4.png, id=22, 578.16pt x 433.62pt
>
File: ./figs/bifData_noConvergence_randomIeqJ_1000_4.png Graphic file (type png
)
 <use ./figs/bifData_noConvergence_randomIeqJ_1000_4.png>
Package pdftex.def Info: ./figs/bifData_noConvergence_randomIeqJ_1000_4.png use
d on input line 83.
(pdftex.def)             Requested size: 204.85983pt x 153.64174pt.
 [2 <./figs/rwToSameBifDiag.png (PNG copy)> <./figs/bifData_same_1000_4.png> <.
/figs/bifData_noConvergence_same_1000_4.png>] [3 <./figs/rwToRandomBifDiag.png 
(PNG copy)> <./figs/bifData_randomIneqJ_1000_4.png> <./figs/bifData_noConvergen
ce_randomIneqJ_1000_4.png> <./figs/bifData_randomIeqJ_1000_4.png> <./figs/bifDa
ta_noConvergence_randomIeqJ_1000_4.png>]
<./figs/durretTimeCourses.jpg, id=36, 1284.8pt x 1101.11375pt>
File: ./figs/durretTimeCourses.jpg Graphic file (type jpg)

<use ./figs/durretTimeCourses.jpg>
Package pdftex.def Info: ./figs/durretTimeCourses.jpg used on input line 93.
(pdftex.def)             Requested size: 215.78612pt x 184.9429pt.

<./figs/graphStats_randomIneqJ_1000_4_0.5_0.5_0.5_noConsensus.png, id=37, 578.1
6pt x 433.62pt>
File: ./figs/graphStats_randomIneqJ_1000_4_0.5_0.5_0.5_noConsensus.png Graphic 
file (type png)

<use ./figs/graphStats_randomIneqJ_1000_4_0.5_0.5_0.5_noConsensus.png>
Package pdftex.def Info: ./figs/graphStats_randomIneqJ_1000_4_0.5_0.5_0.5_noCon
sensus.png used on input line 103.
(pdftex.def)             Requested size: 204.85983pt x 153.64174pt.
LaTeX Font Info:    External font `cmex10' loaded for size
(Font)              <9> on input line 103.
LaTeX Font Info:    External font `cmex10' loaded for size
(Font)              <5> on input line 103.

<./figs/graphStats_randomIneqJ_1000_4_0.8_0.5_0.5_consensus.png, id=38, 578.16p
t x 433.62pt>
File: ./figs/graphStats_randomIneqJ_1000_4_0.8_0.5_0.5_consensus.png Graphic fi
le (type png)

<use ./figs/graphStats_randomIneqJ_1000_4_0.8_0.5_0.5_consensus.png>
Package pdftex.def Info: ./figs/graphStats_randomIneqJ_1000_4_0.8_0.5_0.5_conse
nsus.png used on input line 107.
(pdftex.def)             Requested size: 204.85983pt x 153.64174pt.

<./figs/graphStats_randomIeqJ_1000_4_0.5_0.5_0.5_consensus.png, id=39, 578.16pt
 x 433.62pt>
File: ./figs/graphStats_randomIeqJ_1000_4_0.5_0.5_0.5_consensus.png Graphic fil
e (type png)

<use ./figs/graphStats_randomIeqJ_1000_4_0.5_0.5_0.5_consensus.png>
Package pdftex.def Info: ./figs/graphStats_randomIeqJ_1000_4_0.5_0.5_0.5_consen
sus.png used on input line 114.
(pdftex.def)             Requested size: 246.59253pt x 184.9429pt.

<./figs/durretArcs.jpg, id=40, 1806.75pt x 1397.22pt>
File: ./figs/durretArcs.jpg Graphic file (type jpg)

<use ./figs/durretArcs.jpg>
Package pdftex.def Info: ./figs/durretArcs.jpg used on input line 123.
(pdftex.def)             Requested size: 239.13133pt x 184.9429pt.

<./figs/nData_randomIneqJ.png, id=41, 578.16pt x 433.62pt>
File: ./figs/nData_randomIneqJ.png Graphic file (type png)

<use ./figs/nData_randomIneqJ.png>
Package pdftex.def Info: ./figs/nData_randomIneqJ.png used on input line 133.
(pdftex.def)             Requested size: 204.85983pt x 153.64174pt.

<./figs/nData_randomIeqJ.png, id=42, 578.16pt x 433.62pt>
File: ./figs/nData_randomIeqJ.png Graphic file (type png)

<use ./figs/nData_randomIeqJ.png>
Package pdftex.def Info: ./figs/nData_randomIeqJ.png used on input line 137.
(pdftex.def)             Requested size: 204.85983pt x 153.64174pt.
 [4 <./figs/durretTimeCourses.jpg> <./figs/graphStats_randomIneqJ_1000_4_0.5_0.
5_0.5_noConsensus.png> <./figs/graphStats_randomIneqJ_1000_4_0.8_0.5_0.5_consen
sus.png>] [5 <./figs/graphStats_randomIeqJ_1000_4_0.5_0.5_0.5_consensus.png> <.
/figs/durretArcs.jpg> <./figs/nData_randomIneqJ.png> <./figs/nData_randomIeqJ.p
ng>] (./votingReport.bbl) [6]
(./votingReport.aux) ) 
Here is how much of TeX's memory you used:
 2755 strings out of 495059
 45527 string characters out of 3182030
 100698 words of memory out of 3000000
 5915 multiletter control sequences out of 15000+200000
 9454 words of font info for 33 fonts, out of 3000000 for 9000
 14 hyphenation exceptions out of 8191
 44i,9n,46p,942b,390s stack positions out of 5000i,500n,10000p,200000b,50000s
</usr/share/texlive/texmf-dist/fonts/type1/public/amsfont
s/cm/cmbx12.pfb></usr/share/texlive/texmf-dist/fonts/type1/public/amsfonts/cm/c
mmi10.pfb></usr/share/texlive/texmf-dist/fonts/type1/public/amsfonts/cm/cmmi8.p
fb></usr/share/texlive/texmf-dist/fonts/type1/public/amsfonts/cm/cmmi9.pfb></us
r/share/texlive/texmf-dist/fonts/type1/public/amsfonts/cm/cmr10.pfb></usr/share
/texlive/texmf-dist/fonts/type1/public/amsfonts/cm/cmr12.pfb></usr/share/texliv
e/texmf-dist/fonts/type1/public/amsfonts/cm/cmr17.pfb></usr/share/texlive/texmf
-dist/fonts/type1/public/amsfonts/cm/cmr8.pfb></usr/share/texlive/texmf-dist/fo
nts/type1/public/amsfonts/cm/cmr9.pfb></usr/share/texlive/texmf-dist/fonts/type
1/public/amsfonts/cm/cmsy10.pfb></usr/share/texlive/texmf-dist/fonts/type1/publ
ic/amsfonts/cm/cmti10.pfb>
Output written on votingReport.pdf (6 pages, 1505070 bytes).
PDF statistics:
 94 PDF objects out of 1000 (max. 8388607)
 48 compressed objects within 1 object stream
 0 named destinations out of 1000 (max. 500000)
 76 words of extra memory for PDF output out of 10000 (max. 10000000)

